<?xml version="1.0" encoding="UTF-8" standalone="no"?>
<!DOCTYPE log SYSTEM "logger.dtd">
<log>
<record>
  <date>2024-04-29T00:08:23.327717300Z</date>
  <millis>1714349303327</millis>
  <nanos>717300</nanos>
  <sequence>0</sequence>
  <logger>org.uma.jmetal.util.JMetalLogger</logger>
  <level>INFO</level>
  <class>org.uma.jmetal.util.JMetalLogger</class>
  <method>configureLoggers</method>
  <thread>1</thread>
  <message>Loggers configured with null</message>
</record>
<record>
  <date>2024-04-29T00:08:23.363600700Z</date>
  <millis>1714349303363</millis>
  <nanos>600700</nanos>
  <sequence>1</sequence>
  <logger>org.uma.jmetal.util.JMetalLogger</logger>
  <level>INFO</level>
  <class>jmetal.NSGAIII</class>
  <method>&lt;init&gt;</method>
  <thread>1</thread>
  <message>rpssize: 91</message>
</record>
</log>
